2024-10-04 01:19:31,836:INFO:directory_to_vectorstore:Persist directory does not exist!, creating it ...
2024-10-04 01:19:31,836:INFO:directory_to_vectorstore:Persist directory created successfully!
2024-10-04 01:28:22,077:INFO:directory_to_vectorstore:Time taken to process (loading + chunking) the documents: 1.5570402145385742 seconds
2024-10-04 01:28:22,240:INFO:directory_to_vectorstore:Time taken to split the documents into chunks: 0.1634044647216797 seconds
2024-10-04 01:28:22,240:INFO:directory_to_vectorstore:Adding documents to the dense vectorstore ...
2024-10-04 01:28:22,240:INFO:add_documents_to_db:TOTAL NUMBER OF CHUNKS GENERATED:1
2024-10-04 01:28:22,240:INFO:add_documents_to_db:Starting to add documents to the dense vectorstore ...
2024-10-04 01:28:22,240:INFO:add_documents_to_db:Vectordb is None, creating a new one...
2024-10-04 01:28:22,343:INFO:add_documents_to_db:Chroma database fully updated with new documents!
2024-10-04 01:28:22,343:INFO:directory_to_vectorstore:Time taken to add the documents to the vectorstore and compute embeddings: 0.10289645195007324 seconds
2024-10-04 01:28:22,343:INFO:directory_to_vectorstore:Adding documents to the sparse vectorstore ...
2024-10-04 01:28:31,231:INFO:directory_to_vectorstore:Time taken to create and add the documents to the sparse vectorstore: 8.88802170753479 seconds
2024-10-04 01:30:13,795:INFO:directory_to_vectorstore:Persist directory does not exist!, creating it ...
2024-10-04 01:30:13,795:INFO:directory_to_vectorstore:Persist directory created successfully!
2024-10-04 01:30:14,314:INFO:directory_to_vectorstore:Time taken to process (loading + chunking) the documents: 0.518585205078125 seconds
2024-10-04 01:30:14,565:INFO:directory_to_vectorstore:Time taken to split the documents into chunks: 0.2513620853424072 seconds
2024-10-04 01:30:14,565:INFO:directory_to_vectorstore:Adding documents to the dense vectorstore ...
2024-10-04 01:30:14,565:INFO:add_documents_to_db:TOTAL NUMBER OF CHUNKS GENERATED:1
2024-10-04 01:30:14,565:INFO:add_documents_to_db:Starting to add documents to the dense vectorstore ...
2024-10-04 01:30:14,565:INFO:add_documents_to_db:Vectordb is None, creating a new one...
2024-10-04 01:30:14,665:INFO:add_documents_to_db:Chroma database fully updated with new documents!
2024-10-04 01:30:14,665:INFO:directory_to_vectorstore:Time taken to add the documents to the vectorstore and compute embeddings: 0.09997153282165527 seconds
2024-10-04 01:30:14,665:INFO:directory_to_vectorstore:Adding documents to the sparse vectorstore ...
2024-10-04 01:30:15,989:INFO:directory_to_vectorstore:Time taken to create and add the documents to the sparse vectorstore: 1.3236258029937744 seconds
2024-10-04 01:45:31,841:INFO:directory_to_vectorstore:Persist directory does not exist!, creating it ...
2024-10-04 01:45:31,841:INFO:directory_to_vectorstore:Persist directory created successfully!
2024-10-04 01:45:32,385:INFO:directory_to_vectorstore:Time taken to process (loading + chunking) the documents: 0.5432753562927246 seconds
2024-10-04 01:45:32,712:INFO:directory_to_vectorstore:Time taken to split the documents into chunks: 0.3271791934967041 seconds
2024-10-04 01:45:32,712:INFO:directory_to_vectorstore:Adding documents to the dense vectorstore ...
2024-10-04 01:45:32,712:INFO:add_documents_to_db:TOTAL NUMBER OF CHUNKS GENERATED:1
2024-10-04 01:45:32,712:INFO:add_documents_to_db:Starting to add documents to the dense vectorstore ...
2024-10-04 01:45:32,712:INFO:add_documents_to_db:Vectordb is None, creating a new one...
2024-10-04 01:45:32,769:INFO:add_documents_to_db:Chroma database fully updated with new documents!
2024-10-04 01:45:32,770:INFO:directory_to_vectorstore:Time taken to add the documents to the vectorstore and compute embeddings: 0.058040618896484375 seconds
2024-10-04 01:45:32,770:INFO:directory_to_vectorstore:Adding documents to the sparse vectorstore ...
2024-10-04 01:45:34,127:INFO:directory_to_vectorstore:Time taken to create and add the documents to the sparse vectorstore: 1.35764479637146 seconds
2024-10-04 01:48:40,429:INFO:directory_to_vectorstore:Persist directory does not exist!, creating it ...
2024-10-04 01:48:40,429:INFO:directory_to_vectorstore:Persist directory created successfully!
2024-10-04 01:48:41,022:INFO:directory_to_vectorstore:Time taken to process (loading + chunking) the documents: 0.593008279800415 seconds
2024-10-04 01:48:41,201:INFO:directory_to_vectorstore:Time taken to split the documents into chunks: 0.17905807495117188 seconds
2024-10-04 01:48:41,201:INFO:directory_to_vectorstore:Adding documents to the dense vectorstore ...
2024-10-04 01:48:41,201:INFO:add_documents_to_db:TOTAL NUMBER OF CHUNKS GENERATED:1
2024-10-04 01:48:41,201:INFO:add_documents_to_db:Starting to add documents to the dense vectorstore ...
2024-10-04 01:48:41,201:INFO:add_documents_to_db:Vectordb is None, creating a new one...
2024-10-04 01:48:41,245:INFO:add_documents_to_db:Chroma database fully updated with new documents!
2024-10-04 01:48:41,246:INFO:directory_to_vectorstore:Time taken to add the documents to the vectorstore and compute embeddings: 0.044927120208740234 seconds
2024-10-04 01:48:41,246:INFO:directory_to_vectorstore:Adding documents to the sparse vectorstore ...
2024-10-04 01:48:43,119:INFO:directory_to_vectorstore:Time taken to create and add the documents to the sparse vectorstore: 1.872338056564331 seconds
2024-10-07 23:55:37,572:INFO:directory_to_vectorstore:Time taken to process (loading + chunking) the documents: 0.03354167938232422 seconds
2024-10-07 23:55:41,651:INFO:directory_to_vectorstore:Time taken to split the documents into chunks: 4.07900071144104 seconds
2024-10-07 23:55:41,755:INFO:directory_to_vectorstore:Adding documents to the dense vectorstore ...
2024-10-07 23:55:41,756:INFO:add_documents_to_db:TOTAL NUMBER OF CHUNKS GENERATED:152
2024-10-07 23:55:41,756:INFO:add_documents_to_db:Starting to add documents to the dense vectorstore ...
2024-10-07 23:55:41,756:INFO:add_documents_to_db:Vectordb is not None, adding documents to the existing database...
2024-10-07 23:55:43,415:INFO:add_documents_to_db:Chroma database fully updated with new documents!
2024-10-07 23:55:43,420:INFO:directory_to_vectorstore:Time taken to add the documents to the vectorstore and compute embeddings: 1.6644599437713623 seconds
2024-10-07 23:55:43,423:INFO:directory_to_vectorstore:Adding documents to the sparse vectorstore ...
2024-10-07 23:55:43,551:INFO:directory_to_vectorstore:Time taken to create and add the documents to the sparse vectorstore: 0.12787294387817383 seconds
2024-10-08 00:16:31,277:INFO:directory_to_vectorstore:Persist directory does not exist!, creating it ...
2024-10-08 00:16:31,277:INFO:directory_to_vectorstore:Persist directory created successfully!
2024-10-08 00:16:31,467:INFO:directory_to_vectorstore:Time taken to process (loading + chunking) the documents: 0.18001699447631836 seconds
2024-10-08 00:16:31,494:INFO:__init__:Load pretrained SentenceTransformer: all-MiniLM-L6-v2
2024-10-08 00:16:36,545:INFO:directory_to_vectorstore:Time taken to split the documents into chunks: 5.0779993534088135 seconds
2024-10-08 00:16:36,546:INFO:directory_to_vectorstore:Adding documents to the dense vectorstore ...
2024-10-08 00:16:36,547:INFO:add_documents_to_db:TOTAL NUMBER OF CHUNKS GENERATED:151
2024-10-08 00:16:36,547:INFO:add_documents_to_db:Starting to add documents to the dense vectorstore ...
2024-10-08 00:16:36,547:INFO:add_documents_to_db:Vectordb is None, creating a new one...
2024-10-08 00:16:51,624:INFO:add_documents_to_db:Chroma database fully updated with new documents!
2024-10-08 00:16:51,636:INFO:directory_to_vectorstore:Time taken to add the documents to the vectorstore and compute embeddings: 15.090448379516602 seconds
2024-10-08 00:16:51,636:INFO:directory_to_vectorstore:Adding documents to the sparse vectorstore ...
2024-10-08 00:17:01,428:INFO:directory_to_vectorstore:Time taken to create and add the documents to the sparse vectorstore: 9.791541814804077 seconds
2024-10-08 00:20:10,901:INFO:directory_to_vectorstore:Persist directory does not exist!, creating it ...
2024-10-08 00:20:10,901:INFO:directory_to_vectorstore:Persist directory created successfully!
2024-10-08 00:20:10,936:INFO:directory_to_vectorstore:Time taken to process (loading + chunking) the documents: 0.024998903274536133 seconds
2024-10-08 00:20:52,782:INFO:directory_to_vectorstore:Time taken to split the documents into chunks: 41.84615683555603 seconds
2024-10-08 00:20:52,783:INFO:directory_to_vectorstore:Adding documents to the dense vectorstore ...
2024-10-08 00:20:52,784:INFO:add_documents_to_db:TOTAL NUMBER OF CHUNKS GENERATED:151
2024-10-08 00:20:52,784:INFO:add_documents_to_db:Starting to add documents to the dense vectorstore ...
2024-10-08 00:20:52,784:INFO:add_documents_to_db:Vectordb is None, creating a new one...
2024-10-08 00:21:06,857:INFO:add_documents_to_db:Chroma database fully updated with new documents!
2024-10-08 00:21:06,867:INFO:directory_to_vectorstore:Time taken to add the documents to the vectorstore and compute embeddings: 14.084327936172485 seconds
2024-10-08 00:21:06,867:INFO:directory_to_vectorstore:Adding documents to the sparse vectorstore ...
2024-10-08 00:21:15,741:INFO:directory_to_vectorstore:Time taken to create and add the documents to the sparse vectorstore: 8.873296976089478 seconds
